Started GET "/" for ::1 at 2021-07-28 05:13:46 -0700
  [1m[35m (1.1ms)[0m  [1m[34mSELECT "schema_migrations"."version" FROM "schema_migrations" ORDER BY "schema_migrations"."version" ASC[0m
Processing by PostsController#index as HTML
  Rendering layout layouts/application.html.erb
  Rendering posts/index.html.erb within layouts/application
  [1m[36mPost Load (7.9ms)[0m  [1m[34mSELECT "posts".* FROM "posts" ORDER BY updated_at DESC[0m
  ↳ app/views/posts/index.html.erb:4
  Rendered posts/index.html.erb within layouts/application (Duration: 25.9ms | Allocations: 4436)
[Webpacker] Compiling...
Started GET "/" for ::1 at 2021-07-28 05:13:49 -0700
Processing by PostsController#index as HTML
  Rendering layout layouts/application.html.erb
  Rendering posts/index.html.erb within layouts/application
  [1m[36mPost Load (1.6ms)[0m  [1m[34mSELECT "posts".* FROM "posts" ORDER BY updated_at DESC[0m
  ↳ app/views/posts/index.html.erb:4
  Rendered posts/index.html.erb within layouts/application (Duration: 3.1ms | Allocations: 660)
[Webpacker] Compiling...
[Webpacker] Compiled all packs in /Users/moon/blog_on_rails/public/packs
[Webpacker] Browserslist: caniuse-lite is outdated. Please run:
npx browserslist@latest --update-db

[Webpacker] Hash: 6524559b6f77c13bbb1c
Version: webpack 4.43.0
Time: 1042ms
Built at: 2021-07-28 5:13:51 a.m.
                                     Asset       Size       Chunks                         Chunk Names
    js/application-25459ec3ec1c7d4bce39.js     71 KiB  application  [emitted] [immutable]  application
js/application-25459ec3ec1c7d4bce39.js.map   80.4 KiB  application  [emitted] [dev]        application
                             manifest.json  364 bytes               [emitted]              
Entrypoint application = js/application-25459ec3ec1c7d4bce39.js js/application-25459ec3ec1c7d4bce39.js.map
[./app/javascript/channels sync recursive _channel\.js$] ./app/javascript/channels sync _channel\.js$ 160 bytes {application} [built]
[./app/javascript/channels/index.js] 211 bytes {application} [built]
[./app/javascript/packs/application.js] 840 bytes {application} [built]
[./node_modules/webpack/buildin/module.js] (webpack)/buildin/module.js 552 bytes {application} [built]
    + 2 hidden modules

  Rendered shared/_navbar.html.erb (Duration: 1.0ms | Allocations: 171)
  Rendered layout layouts/application.html.erb (Duration: 5310.3ms | Allocations: 163213)
Completed 200 OK in 5323ms (Views: 5294.6ms | ActiveRecord: 19.4ms | Allocations: 169348)


[Webpacker] Compiled all packs in /Users/moon/blog_on_rails/public/packs
[Webpacker] Browserslist: caniuse-lite is outdated. Please run:
npx browserslist@latest --update-db

[Webpacker] Hash: 6524559b6f77c13bbb1c
Version: webpack 4.43.0
Time: 988ms
Built at: 2021-07-28 5:13:51 a.m.
                                     Asset       Size       Chunks                         Chunk Names
    js/application-25459ec3ec1c7d4bce39.js     71 KiB  application  [emitted] [immutable]  application
js/application-25459ec3ec1c7d4bce39.js.map   80.4 KiB  application  [emitted] [dev]        application
                             manifest.json  364 bytes               [emitted]              
Entrypoint application = js/application-25459ec3ec1c7d4bce39.js js/application-25459ec3ec1c7d4bce39.js.map
[./app/javascript/channels sync recursive _channel\.js$] ./app/javascript/channels sync _channel\.js$ 160 bytes {application} [built]
[./app/javascript/channels/index.js] 211 bytes {application} [built]
[./app/javascript/packs/application.js] 840 bytes {application} [built]
[./node_modules/webpack/buildin/module.js] (webpack)/buildin/module.js 552 bytes {application} [built]
    + 2 hidden modules

  Rendered shared/_navbar.html.erb (Duration: 0.1ms | Allocations: 25)
  Rendered layout layouts/application.html.erb (Duration: 1977.9ms | Allocations: 35997)
Completed 200 OK in 2004ms (Views: 1976.9ms | ActiveRecord: 10.7ms | Allocations: 38369)


Started GET "/" for ::1 at 2021-07-28 05:13:55 -0700
Processing by PostsController#index as HTML
  Rendering layout layouts/application.html.erb
  Rendering posts/index.html.erb within layouts/application
  [1m[36mPost Load (2.4ms)[0m  [1m[34mSELECT "posts".* FROM "posts" ORDER BY updated_at DESC[0m
  ↳ app/views/posts/index.html.erb:4
  Rendered posts/index.html.erb within layouts/application (Duration: 5.7ms | Allocations: 570)
[Webpacker] Everything's up-to-date. Nothing to do
  Rendered shared/_navbar.html.erb (Duration: 0.1ms | Allocations: 25)
  Rendered layout layouts/application.html.erb (Duration: 29.6ms | Allocations: 7732)
Completed 200 OK in 34ms (Views: 28.8ms | ActiveRecord: 2.4ms | Allocations: 8091)


Started GET "/" for ::1 at 2021-07-28 05:13:56 -0700
Processing by PostsController#index as HTML
  Rendering layout layouts/application.html.erb
  Rendering posts/index.html.erb within layouts/application
  [1m[36mPost Load (2.2ms)[0m  [1m[34mSELECT "posts".* FROM "posts" ORDER BY updated_at DESC[0m
  ↳ app/views/posts/index.html.erb:4
  Rendered posts/index.html.erb within layouts/application (Duration: 5.1ms | Allocations: 570)
[Webpacker] Everything's up-to-date. Nothing to do
  Rendered shared/_navbar.html.erb (Duration: 0.1ms | Allocations: 25)
  Rendered layout layouts/application.html.erb (Duration: 27.1ms | Allocations: 7730)
Completed 200 OK in 30ms (Views: 25.9ms | ActiveRecord: 2.2ms | Allocations: 8088)


Started GET "/posts/1" for ::1 at 2021-07-28 05:13:58 -0700
Processing by PostsController#show as HTML
  Parameters: {"id"=>"1"}
  [1m[36mPost Load (0.6ms)[0m  [1m[34mSELECT "posts".* FROM "posts" WHERE "posts"."id" = $1 LIMIT $2[0m  [["id", 1], ["LIMIT", 1]]
  ↳ app/controllers/posts_controller.rb:9:in `show'
  Rendering layout layouts/application.html.erb
  Rendering posts/show.html.erb within layouts/application
  [1m[36mComment Load (0.8ms)[0m  [1m[34mSELECT "comments".* FROM "comments" WHERE "comments"."post_id" = $1 ORDER BY "comments"."created_at" DESC[0m  [["post_id", 1]]
  ↳ app/views/posts/show.html.erb:53
  Rendered posts/show.html.erb within layouts/application (Duration: 1008.4ms | Allocations: 1345930)
[Webpacker] Everything's up-to-date. Nothing to do
  Rendered shared/_navbar.html.erb (Duration: 0.0ms | Allocations: 25)
  Rendered layout layouts/application.html.erb (Duration: 1016.2ms | Allocations: 1356989)
Completed 200 OK in 1093ms (Views: 1016.2ms | ActiveRecord: 12.8ms | Allocations: 1367555)


Started DELETE "/posts/1" for ::1 at 2021-07-28 05:14:03 -0700
Processing by PostsController#destroy as HTML
  Parameters: {"authenticity_token"=>"CUmcSPvHE2S4TQNCMQd4F04gV/oBOzuTT3sX5QEEKFP+KgTo53RJPttwvAapbYSNCynI/sDw2v5FuXdWCpGYEA==", "id"=>"1"}
  [1m[36mPost Load (0.7ms)[0m  [1m[34mSELECT "posts".* FROM "posts" WHERE "posts"."id" = $1 LIMIT $2[0m  [["id", 1], ["LIMIT", 1]]
  ↳ app/controllers/posts_controller.rb:29:in `destroy'
  [1m[36mTRANSACTION (0.3ms)[0m  [1m[35mBEGIN[0m
  ↳ app/controllers/posts_controller.rb:30:in `destroy'
  [1m[36mComment Load (0.5ms)[0m  [1m[34mSELECT "comments".* FROM "comments" WHERE "comments"."post_id" = $1[0m  [["post_id", 1]]
  ↳ app/controllers/posts_controller.rb:30:in `destroy'
  [1m[36mPost Destroy (4.6ms)[0m  [1m[31mDELETE FROM "posts" WHERE "posts"."id" = $1[0m  [["id", 1]]
  ↳ app/controllers/posts_controller.rb:30:in `destroy'
  [1m[36mTRANSACTION (9.7ms)[0m  [1m[35mCOMMIT[0m
  ↳ app/controllers/posts_controller.rb:30:in `destroy'
Redirected to http://localhost:3000/posts
Completed 302 Found in 30ms (ActiveRecord: 15.8ms | Allocations: 3628)


Started GET "/posts" for ::1 at 2021-07-28 05:14:03 -0700
Processing by PostsController#index as HTML
  Rendering layout layouts/application.html.erb
  Rendering posts/index.html.erb within layouts/application
  [1m[36mPost Load (0.7ms)[0m  [1m[34mSELECT "posts".* FROM "posts" ORDER BY updated_at DESC[0m
  ↳ app/views/posts/index.html.erb:4
  Rendered posts/index.html.erb within layouts/application (Duration: 4.6ms | Allocations: 495)
[Webpacker] Everything's up-to-date. Nothing to do
  Rendered shared/_navbar.html.erb (Duration: 0.1ms | Allocations: 25)
  Rendered layout layouts/application.html.erb (Duration: 21.2ms | Allocations: 7655)
Completed 200 OK in 24ms (Views: 21.5ms | ActiveRecord: 0.7ms | Allocations: 8004)


Started GET "/" for ::1 at 2021-07-28 05:14:05 -0700
Processing by PostsController#index as HTML
  Rendering layout layouts/application.html.erb
  Rendering posts/index.html.erb within layouts/application
  [1m[36mPost Load (2.7ms)[0m  [1m[34mSELECT "posts".* FROM "posts" ORDER BY updated_at DESC[0m
  ↳ app/views/posts/index.html.erb:4
  Rendered posts/index.html.erb within layouts/application (Duration: 5.2ms | Allocations: 502)
[Webpacker] Everything's up-to-date. Nothing to do
  Rendered shared/_navbar.html.erb (Duration: 0.1ms | Allocations: 25)
  Rendered layout layouts/application.html.erb (Duration: 23.9ms | Allocations: 7664)
Completed 200 OK in 28ms (Views: 22.2ms | ActiveRecord: 2.7ms | Allocations: 8022)


Started GET "/posts/new" for ::1 at 2021-07-28 05:14:06 -0700
Processing by PostsController#new as HTML
  Rendering layout layouts/application.html.erb
  Rendering posts/new.html.erb within layouts/application
  Rendered posts/new.html.erb within layouts/application (Duration: 24.2ms | Allocations: 3998)
[Webpacker] Everything's up-to-date. Nothing to do
  Rendered shared/_navbar.html.erb (Duration: 0.1ms | Allocations: 25)
  Rendered layout layouts/application.html.erb (Duration: 39.0ms | Allocations: 10559)
Completed 200 OK in 42ms (Views: 40.0ms | ActiveRecord: 0.0ms | Allocations: 11028)


Started GET "/" for ::1 at 2021-07-28 05:14:07 -0700
Processing by PostsController#index as HTML
  Rendering layout layouts/application.html.erb
  Rendering posts/index.html.erb within layouts/application
  [1m[36mPost Load (2.2ms)[0m  [1m[34mSELECT "posts".* FROM "posts" ORDER BY updated_at DESC[0m
  ↳ app/views/posts/index.html.erb:4
  Rendered posts/index.html.erb within layouts/application (Duration: 4.3ms | Allocations: 495)
[Webpacker] Everything's up-to-date. Nothing to do
  Rendered shared/_navbar.html.erb (Duration: 0.1ms | Allocations: 25)
  Rendered layout layouts/application.html.erb (Duration: 20.6ms | Allocations: 7655)
Completed 200 OK in 23ms (Views: 19.2ms | ActiveRecord: 2.2ms | Allocations: 8003)


Started GET "/" for ::1 at 2021-07-28 05:14:11 -0700
Processing by PostsController#index as HTML
  Rendering layout layouts/application.html.erb
  Rendering posts/index.html.erb within layouts/application
  [1m[36mPost Load (1.7ms)[0m  [1m[34mSELECT "posts".* FROM "posts" ORDER BY updated_at DESC[0m
  ↳ app/views/posts/index.html.erb:4
  Rendered posts/index.html.erb within layouts/application (Duration: 6.8ms | Allocations: 1449)
[Webpacker] Everything's up-to-date. Nothing to do
  Rendered shared/_navbar.html.erb (Duration: 0.1ms | Allocations: 25)
  Rendered layout layouts/application.html.erb (Duration: 33.0ms | Allocations: 12520)
Completed 200 OK in 40ms (Views: 33.0ms | ActiveRecord: 1.7ms | Allocations: 14488)


Started GET "/" for ::1 at 2021-07-28 05:14:27 -0700
Processing by PostsController#index as HTML
  Rendering layout layouts/application.html.erb
  Rendering posts/index.html.erb within layouts/application
  [1m[36mPost Load (4.2ms)[0m  [1m[34mSELECT "posts".* FROM "posts" ORDER BY updated_at DESC[0m
  ↳ app/views/posts/index.html.erb:4
  Rendered posts/index.html.erb within layouts/application (Duration: 8.3ms | Allocations: 495)
[Webpacker] Everything's up-to-date. Nothing to do
  Rendered shared/_navbar.html.erb (Duration: 0.2ms | Allocations: 25)
  Rendered layout layouts/application.html.erb (Duration: 34.9ms | Allocations: 7660)
Completed 200 OK in 43ms (Views: 32.9ms | ActiveRecord: 4.2ms | Allocations: 8009)


Started GET "/" for ::1 at 2021-07-28 05:14:28 -0700
Processing by PostsController#index as HTML
  Rendering layout layouts/application.html.erb
  Rendering posts/index.html.erb within layouts/application
  [1m[36mPost Load (2.0ms)[0m  [1m[34mSELECT "posts".* FROM "posts" ORDER BY updated_at DESC[0m
  ↳ app/views/posts/index.html.erb:4
  Rendered posts/index.html.erb within layouts/application (Duration: 5.6ms | Allocations: 495)
[Webpacker] Everything's up-to-date. Nothing to do
  Rendered shared/_navbar.html.erb (Duration: 0.1ms | Allocations: 25)
  Rendered layout layouts/application.html.erb (Duration: 29.1ms | Allocations: 7645)
Completed 200 OK in 31ms (Views: 28.1ms | ActiveRecord: 2.0ms | Allocations: 7993)


Started GET "/" for ::1 at 2021-07-28 05:15:05 -0700
Processing by PostsController#index as HTML
  Rendering layout layouts/application.html.erb
  Rendering posts/index.html.erb within layouts/application
  [1m[36mPost Load (4.1ms)[0m  [1m[34mSELECT "posts".* FROM "posts" ORDER BY updated_at DESC[0m
  ↳ app/views/posts/index.html.erb:4
  Rendered posts/index.html.erb within layouts/application (Duration: 9.0ms | Allocations: 495)
[Webpacker] Everything's up-to-date. Nothing to do
  Rendered shared/_navbar.html.erb (Duration: 0.1ms | Allocations: 25)
  Rendered layout layouts/application.html.erb (Duration: 1960.5ms | Allocations: 88955)
Completed 200 OK in 1972ms (Views: 1960.5ms | ActiveRecord: 4.1ms | Allocations: 89303)


Started GET "/" for ::1 at 2021-07-28 05:15:11 -0700
Processing by PostsController#index as HTML
  Rendering layout layouts/application.html.erb
  Rendering posts/index.html.erb within layouts/application
  [1m[36mPost Load (1.6ms)[0m  [1m[34mSELECT "posts".* FROM "posts" ORDER BY updated_at DESC[0m
  ↳ app/views/posts/index.html.erb:4
  Rendered posts/index.html.erb within layouts/application (Duration: 6.0ms | Allocations: 495)
[Webpacker] Everything's up-to-date. Nothing to do
  Rendered shared/_navbar.html.erb (Duration: 0.1ms | Allocations: 25)
  Rendered layout layouts/application.html.erb (Duration: 1833.9ms | Allocations: 91286)
Completed 200 OK in 1840ms (Views: 1834.3ms | ActiveRecord: 1.6ms | Allocations: 91634)


Started GET "/" for ::1 at 2021-07-28 05:15:13 -0700
Processing by PostsController#index as HTML
  Rendering layout layouts/application.html.erb
  Rendering posts/index.html.erb within layouts/application
  [1m[36mPost Load (0.7ms)[0m  [1m[34mSELECT "posts".* FROM "posts" ORDER BY updated_at DESC[0m
  ↳ app/views/posts/index.html.erb:4
  Rendered posts/index.html.erb within layouts/application (Duration: 2.1ms | Allocations: 495)
[Webpacker] Everything's up-to-date. Nothing to do
  Rendered shared/_navbar.html.erb (Duration: 0.1ms | Allocations: 25)
  Rendered layout layouts/application.html.erb (Duration: 14.5ms | Allocations: 7662)
Completed 200 OK in 16ms (Views: 14.4ms | ActiveRecord: 0.7ms | Allocations: 8010)


Started GET "/" for ::1 at 2021-07-28 05:25:21 -0700
  [1m[35m (1.6ms)[0m  [1m[34mSELECT "schema_migrations"."version" FROM "schema_migrations" ORDER BY "schema_migrations"."version" ASC[0m
Processing by PostsController#index as HTML
Completed 500 Internal Server Error in 10ms (ActiveRecord: 0.0ms | Allocations: 5711)


  
NoMethodError (undefined method `updated_at' for #<PostsController:0x00000000008750>
Did you mean?  update):
  
app/controllers/posts_controller.rb:4:in `index'
Started GET "/" for ::1 at 2021-07-28 05:26:06 -0700
Processing by PostsController#index as HTML
  Rendering layout layouts/application.html.erb
  Rendering posts/index.html.erb within layouts/application
  [1m[36mPost Load (1.2ms)[0m  [1m[34mSELECT "posts".* FROM "posts" ORDER BY "posts"."updated_at" DESC[0m
  ↳ app/views/posts/index.html.erb:4
  Rendered posts/index.html.erb within layouts/application (Duration: 3.0ms | Allocations: 824)
[Webpacker] Compiling...
[Webpacker] Compiled all packs in /Users/moon/quiz_2/public/packs
[Webpacker] Browserslist: caniuse-lite is outdated. Please run:
npx browserslist@latest --update-db

[Webpacker] Hash: 6524559b6f77c13bbb1c
Version: webpack 4.43.0
Time: 1040ms
Built at: 2021-07-28 5:26:09 a.m.
                                     Asset       Size       Chunks                         Chunk Names
    js/application-25459ec3ec1c7d4bce39.js     71 KiB  application  [emitted] [immutable]  application
js/application-25459ec3ec1c7d4bce39.js.map   80.4 KiB  application  [emitted] [dev]        application
                             manifest.json  364 bytes               [emitted]              
Entrypoint application = js/application-25459ec3ec1c7d4bce39.js js/application-25459ec3ec1c7d4bce39.js.map
[./app/javascript/channels sync recursive _channel\.js$] ./app/javascript/channels sync _channel\.js$ 160 bytes {application} [built]
[./app/javascript/channels/index.js] 211 bytes {application} [built]
[./app/javascript/packs/application.js] 840 bytes {application} [built]
[./node_modules/webpack/buildin/module.js] (webpack)/buildin/module.js 552 bytes {application} [built]
    + 2 hidden modules

  Rendered shared/_navbar.html.erb (Duration: 0.6ms | Allocations: 175)
  Rendered layout layouts/application.html.erb (Duration: 2835.7ms | Allocations: 48073)
Completed 200 OK in 2848ms (Views: 2836.0ms | ActiveRecord: 8.1ms | Allocations: 53495)


Started GET "/" for ::1 at 2021-07-28 05:26:11 -0700
Processing by PostsController#index as HTML
  Rendering layout layouts/application.html.erb
  Rendering posts/index.html.erb within layouts/application
  [1m[36mPost Load (3.0ms)[0m  [1m[34mSELECT "posts".* FROM "posts" ORDER BY "posts"."updated_at" DESC[0m
  ↳ app/views/posts/index.html.erb:4
  Rendered posts/index.html.erb within layouts/application (Duration: 5.9ms | Allocations: 493)
[Webpacker] Everything's up-to-date. Nothing to do
  Rendered shared/_navbar.html.erb (Duration: 0.1ms | Allocations: 25)
  Rendered layout layouts/application.html.erb (Duration: 32.0ms | Allocations: 7663)
Completed 200 OK in 35ms (Views: 30.1ms | ActiveRecord: 3.0ms | Allocations: 8020)


Started GET "/posts/new" for ::1 at 2021-07-28 05:26:13 -0700
Processing by PostsController#new as HTML
  Rendering layout layouts/application.html.erb
  Rendering posts/new.html.erb within layouts/application
  Rendered posts/new.html.erb within layouts/application (Duration: 195.3ms | Allocations: 339776)
[Webpacker] Everything's up-to-date. Nothing to do
  Rendered shared/_navbar.html.erb (Duration: 0.0ms | Allocations: 25)
  Rendered layout layouts/application.html.erb (Duration: 202.0ms | Allocations: 347069)
Completed 200 OK in 223ms (Views: 202.6ms | ActiveRecord: 8.0ms | Allocations: 353024)


Started GET "/" for ::1 at 2021-07-28 05:26:15 -0700
Processing by PostsController#index as HTML
  Rendering layout layouts/application.html.erb
  Rendering posts/index.html.erb within layouts/application
  [1m[36mPost Load (1.9ms)[0m  [1m[34mSELECT "posts".* FROM "posts" ORDER BY "posts"."updated_at" DESC[0m
  ↳ app/views/posts/index.html.erb:4
  Rendered posts/index.html.erb within layouts/application (Duration: 4.3ms | Allocations: 500)
[Webpacker] Everything's up-to-date. Nothing to do
  Rendered shared/_navbar.html.erb (Duration: 0.1ms | Allocations: 25)
  Rendered layout layouts/application.html.erb (Duration: 24.4ms | Allocations: 7655)
Completed 200 OK in 27ms (Views: 23.4ms | ActiveRecord: 1.9ms | Allocations: 8022)


